
 ==============================
 S N O P T  7.2-5    (May 2007)
 ==============================
 
 SNMEMB EXIT 100 -- finished successfully
 SNMEMB INFO 104 -- memory requirements estimated

 ==============================
 S N O P T  7.2-5    (May 2007)
 ==============================
 
 

 Nonlinear constraints       1     Linear constraints       0
 Nonlinear variables         1     Linear variables         0
 Jacobian  variables         1     Objective variables      1
 Total constraints           1     Total variables          1
 

 
 The user has defined       1   out of       1   constraint gradients.
 The user has defined       1   out of       1   objective  gradients.
 

 Major Minors     Step   nCon Feasible  Optimal  MeritFunction    nS Penalty
     0      1               1 (0.0E+00) 3.8E-01  0.0000000E+00     1           r
     1      1  1.0E+00      2 (0.0E+00) 8.8E-01 -1.2500021E+00     1         n rl
     1      1               7 (0.0E+00) 8.8E-01 -1.2500021E+00     1         n r
     1      1              12 (0.0E+00) 8.8E-01 -1.2500021E+00     1         n r
 
 SNOPTC EXIT  40 -- terminated after numerical difficulties
 SNOPTC INFO  41 -- current point cannot be improved

 Problem name                 O
 No. of iterations                   2   Objective value     -1.2500020540E+00
 No. of major iterations             1   Linear objective     0.0000000000E+00
 Penalty parameter           0.000E+00   Nonlinear objective -1.2500020540E+00
 No. of calls to funobj             18   No. of calls to funcon             18
 No. of superbasics                  1   No. of basic nonlinears             0
 No. of degenerate steps             0   Percentage                       0.00
 Max x                       1 5.0E-01   Max pi                      1 0.0E+00
 Max Primal infeas           0 0.0E+00   Max Dual infeas             1 1.8E+00
 Nonlinear constraint violn    0.0E+00
 
 

 Solution printed on file  18
 
 Time for MPS input                             0.00 seconds
 Time for solving problem                       0.01 seconds
 Time for solution output                       0.00 seconds
 Time for constraint functions                  0.03 seconds
 Time for objective function                    0.00 seconds
